<?xml version="1.0" encoding="UTF-8"?>
<!-- Generated by org.testng.reporters.JUnitXMLReporter -->
<testsuite hostname="ECO-32639" name="Default test" tests="3" failures="0" timestamp="16 Oct 2016 21:32:17 GMT" time="6.768" errors="0">
  <testcase name="testTraducaoHouse" time="1.42" classname="testes.TestWebTradutor"/>
  <testcase name="testTraducaoLivro" time="0.32" classname="testes.TestWebTradutor"/>
  <testcase name="testTraducaoPalavraInexistente" time="0.199" classname="testes.TestWebTradutor"/>
</testsuite> <!-- Default test -->
