<?xml version="1.0" encoding="UTF-8"?>
<testng-results skipped="0" failed="0" total="3" passed="3">
  <reporter-output>
  </reporter-output>
  <suite name="Default suite" duration-ms="6768" started-at="2016-10-16T21:32:10Z" finished-at="2016-10-16T21:32:17Z">
    <groups>
    </groups>
    <test name="Default test" duration-ms="6768" started-at="2016-10-16T21:32:10Z" finished-at="2016-10-16T21:32:17Z">
      <class name="testes.TestWebTradutor">
        <test-method status="PASS" signature="setUp()[pri:0, instance:testes.TestWebTradutor@46d56d67]" name="setUp" is-config="true" duration-ms="4290" started-at="2016-10-16T19:32:10Z" finished-at="2016-10-16T19:32:14Z">
          <reporter-output>
          </reporter-output>
        </test-method> <!-- setUp -->
        <test-method status="PASS" signature="testTraducaoHouse()[pri:0, instance:testes.TestWebTradutor@46d56d67]" name="testTraducaoHouse" duration-ms="1420" started-at="2016-10-16T19:32:14Z" finished-at="2016-10-16T19:32:16Z">
          <reporter-output>
          </reporter-output>
        </test-method> <!-- testTraducaoHouse -->
        <test-method status="PASS" signature="testTraducaoLivro()[pri:0, instance:testes.TestWebTradutor@46d56d67]" name="testTraducaoLivro" duration-ms="320" started-at="2016-10-16T19:32:16Z" finished-at="2016-10-16T19:32:16Z">
          <reporter-output>
          </reporter-output>
        </test-method> <!-- testTraducaoLivro -->
        <test-method status="PASS" signature="testTraducaoPalavraInexistente()[pri:0, instance:testes.TestWebTradutor@46d56d67]" name="testTraducaoPalavraInexistente" duration-ms="199" started-at="2016-10-16T19:32:16Z" finished-at="2016-10-16T19:32:16Z">
          <reporter-output>
          </reporter-output>
        </test-method> <!-- testTraducaoPalavraInexistente -->
        <test-method status="PASS" signature="tearDown()[pri:0, instance:testes.TestWebTradutor@46d56d67]" name="tearDown" is-config="true" duration-ms="522" started-at="2016-10-16T19:32:16Z" finished-at="2016-10-16T19:32:17Z">
          <reporter-output>
          </reporter-output>
        </test-method> <!-- tearDown -->
      </class> <!-- testes.TestWebTradutor -->
    </test> <!-- Default test -->
  </suite> <!-- Default suite -->
</testng-results>
